TicketValidatorTerminal/TicketValidatorTerminal/app/build/intermediates/manifest_merge_blame_file/debug/processDebugMainManifest/manifest-merger-blame-debug-report.txt
1<?xml version="1.0" encoding="utf-8"?>
2<manifest xmlns:android="http://schemas.android.com/apk/res/android"
3    package="org.feup.ticketvalidatorterminal"
4    android:versionCode="1"
5    android:versionName="1.0" >
6
7    <uses-sdk
8        android:minSdkVersion="26"
9        android:targetSdkVersion="34" />
10
11    <uses-feature
11-->src/main/AndroidManifest.xml:5:5-7:35
12        android:name="android.hardware.camera"
12-->src/main/AndroidManifest.xml:6:9-47
13        android:required="true" />
13-->src/main/AndroidManifest.xml:7:9-32
14
15    <meta-data
15-->src/main/AndroidManifest.xml:9:5-11:37
16        android:name="com.google.mlkit.vision.DEPENDENCIES"
16-->src/main/AndroidManifest.xml:10:9-60
17        android:value="barcode_ui" />
17-->src/main/AndroidManifest.xml:11:9-35
18
19    <uses-permission android:name="android.permission.CAMERA" />
19-->src/main/AndroidManifest.xml:13:5-64
19-->src/main/AndroidManifest.xml:13:22-62
20    <uses-permission android:name="android.permission.INTERNET" />
20-->src/main/AndroidManifest.xml:14:5-66
20-->src/main/AndroidManifest.xml:14:22-64
21    <uses-permission android:name="android.permission.ACCESS_NETWORK_STATE" />
21-->src/main/AndroidManifest.xml:15:5-78
21-->src/main/AndroidManifest.xml:15:22-76
22
23    <permission
23-->[androidx.core:core:1.12.0] AndroidManifest.xml:22:5-24:47
24        android:name="org.feup.ticketvalidatorterminal.DYNAMIC_RECEIVER_NOT_EXPORTED_PERMISSION"
24-->[androidx.core:core:1.12.0] AndroidManifest.xml:23:9-81
25        android:protectionLevel="signature" />
25-->[androidx.core:core:1.12.0] AndroidManifest.xml:24:9-44
26
27    <uses-permission android:name="org.feup.ticketvalidatorterminal.DYNAMIC_RECEIVER_NOT_EXPORTED_PERMISSION" />
27-->[androidx.core:core:1.12.0] AndroidManifest.xml:26:5-97
27-->[androidx.core:core:1.12.0] AndroidManifest.xml:26:22-94
28
29    <application
29-->src/main/AndroidManifest.xml:18:5-41:19
30        android:allowBackup="true"
30-->src/main/AndroidManifest.xml:19:9-35
31        android:appComponentFactory="androidx.core.app.CoreComponentFactory"
31-->[androidx.core:core:1.12.0] AndroidManifest.xml:28:18-86
32        android:dataExtractionRules="@xml/data_extraction_rules"
32-->src/main/AndroidManifest.xml:20:9-65
33        android:debuggable="true"
34        android:enableOnBackInvokedCallback="true"
34-->src/main/AndroidManifest.xml:28:9-51
35        android:extractNativeLibs="false"
36        android:fullBackupContent="@xml/backup_rules"
36-->src/main/AndroidManifest.xml:21:9-54
37        android:icon="@mipmap/ic_launcher"
37-->src/main/AndroidManifest.xml:22:9-43
38        android:label="@string/app_name"
38-->src/main/AndroidManifest.xml:23:9-41
39        android:roundIcon="@mipmap/ic_launcher_round"
39-->src/main/AndroidManifest.xml:24:9-54
40        android:supportsRtl="true"
40-->src/main/AndroidManifest.xml:25:9-35
41        android:testOnly="true"
42        android:theme="@style/Theme.TicketValidatorTerminal"
42-->src/main/AndroidManifest.xml:26:9-61
43        android:usesCleartextTraffic="true" >
43-->src/main/AndroidManifest.xml:27:9-44
44        <activity
44-->src/main/AndroidManifest.xml:30:9-40:20
45            android:name="org.feup.ticketvalidatorterminal.MainActivity"
45-->src/main/AndroidManifest.xml:31:13-41
46            android:exported="true"
46-->src/main/AndroidManifest.xml:32:13-36
47            android:label="@string/app_name"
47-->src/main/AndroidManifest.xml:33:13-45
48            android:theme="@style/Theme.TicketValidatorTerminal" >
48-->src/main/AndroidManifest.xml:34:13-65
49            <intent-filter>
49-->src/main/AndroidManifest.xml:35:13-39:29
50                <action android:name="android.intent.action.MAIN" />
50-->src/main/AndroidManifest.xml:36:17-69
50-->src/main/AndroidManifest.xml:36:25-66
51
52                <category android:name="android.intent.category.LAUNCHER" />
52-->src/main/AndroidManifest.xml:38:17-77
52-->src/main/AndroidManifest.xml:38:27-74
53            </intent-filter>
54        </activity>
55        <!--
56        This activity is an invisible delegate activity to start scanner activity
57        and receive result, so it's unnecessary to support screen orientation and
58        we can avoid any side effect from activity recreation in any case.
59        -->
60        <activity
60-->[com.google.android.gms:play-services-code-scanner:16.1.0] AndroidManifest.xml:15:9-20:20
61            android:name="com.google.mlkit.vision.codescanner.internal.GmsBarcodeScanningDelegateActivity"
61-->[com.google.android.gms:play-services-code-scanner:16.1.0] AndroidManifest.xml:16:13-107
62            android:exported="false"
62-->[com.google.android.gms:play-services-code-scanner:16.1.0] AndroidManifest.xml:17:13-37
63            android:screenOrientation="portrait" >
63-->[com.google.android.gms:play-services-code-scanner:16.1.0] AndroidManifest.xml:18:13-49
64        </activity>
65        <activity
65-->[androidx.compose.ui:ui-tooling-android:1.6.5] AndroidManifest.xml:23:9-25:39
66            android:name="androidx.compose.ui.tooling.PreviewActivity"
66-->[androidx.compose.ui:ui-tooling-android:1.6.5] AndroidManifest.xml:24:13-71
67            android:exported="true" />
67-->[androidx.compose.ui:ui-tooling-android:1.6.5] AndroidManifest.xml:25:13-36
68        <activity
68-->[androidx.compose.ui:ui-test-manifest:1.6.5] AndroidManifest.xml:23:9-25:39
69            android:name="androidx.activity.ComponentActivity"
69-->[androidx.compose.ui:ui-test-manifest:1.6.5] AndroidManifest.xml:24:13-63
70            android:exported="true" />
70-->[androidx.compose.ui:ui-test-manifest:1.6.5] AndroidManifest.xml:25:13-36
71
72        <service
72-->[com.google.mlkit:vision-common:17.0.0] AndroidManifest.xml:9:9-15:19
73            android:name="com.google.mlkit.common.internal.MlKitComponentDiscoveryService"
73-->[com.google.mlkit:vision-common:17.0.0] AndroidManifest.xml:10:13-91
74            android:directBootAware="true"
74-->[com.google.mlkit:common:18.9.0] AndroidManifest.xml:17:13-43
75            android:exported="false" >
75-->[com.google.mlkit:vision-common:17.0.0] AndroidManifest.xml:11:13-37
76            <meta-data
76-->[com.google.mlkit:vision-common:17.0.0] AndroidManifest.xml:12:13-14:85
77                android:name="com.google.firebase.components:com.google.mlkit.vision.common.internal.VisionCommonRegistrar"
77-->[com.google.mlkit:vision-common:17.0.0] AndroidManifest.xml:13:17-124
78                android:value="com.google.firebase.components.ComponentRegistrar" />
78-->[com.google.mlkit:vision-common:17.0.0] AndroidManifest.xml:14:17-82
79            <meta-data
79-->[com.google.mlkit:common:18.9.0] AndroidManifest.xml:20:13-22:85
80                android:name="com.google.firebase.components:com.google.mlkit.common.internal.CommonComponentRegistrar"
80-->[com.google.mlkit:common:18.9.0] AndroidManifest.xml:21:17-120
81                android:value="com.google.firebase.components.ComponentRegistrar" />
81-->[com.google.mlkit:common:18.9.0] AndroidManifest.xml:22:17-82
82        </service>
83
84        <provider
84-->[com.google.mlkit:common:18.9.0] AndroidManifest.xml:9:9-13:38
85            android:name="com.google.mlkit.common.internal.MlKitInitProvider"
85-->[com.google.mlkit:common:18.9.0] AndroidManifest.xml:10:13-78
86            android:authorities="org.feup.ticketvalidatorterminal.mlkitinitprovider"
86-->[com.google.mlkit:common:18.9.0] AndroidManifest.xml:11:13-69
87            android:exported="false"
87-->[com.google.mlkit:common:18.9.0] AndroidManifest.xml:12:13-37
88            android:initOrder="99" />
88-->[com.google.mlkit:common:18.9.0] AndroidManifest.xml:13:13-35
89
90        <activity
90-->[com.google.android.gms:play-services-base:18.1.0] AndroidManifest.xml:20:9-22:45
91            android:name="com.google.android.gms.common.api.GoogleApiActivity"
91-->[com.google.android.gms:play-services-base:18.1.0] AndroidManifest.xml:20:19-85
92            android:exported="false"
92-->[com.google.android.gms:play-services-base:18.1.0] AndroidManifest.xml:22:19-43
93            android:theme="@android:style/Theme.Translucent.NoTitleBar" />
93-->[com.google.android.gms:play-services-base:18.1.0] AndroidManifest.xml:21:19-78
94
95        <meta-data
95-->[com.google.android.gms:play-services-basement:18.1.0] AndroidManifest.xml:21:9-23:69
96            android:name="com.google.android.gms.version"
96-->[com.google.android.gms:play-services-basement:18.1.0] AndroidManifest.xml:22:13-58
97            android:value="@integer/google_play_services_version" />
97-->[com.google.android.gms:play-services-basement:18.1.0] AndroidManifest.xml:23:13-66
98
99        <provider
99-->[androidx.emoji2:emoji2:1.3.0] AndroidManifest.xml:24:9-32:20
100            android:name="androidx.startup.InitializationProvider"
100-->[androidx.emoji2:emoji2:1.3.0] AndroidManifest.xml:25:13-67
101            android:authorities="org.feup.ticketvalidatorterminal.androidx-startup"
101-->[androidx.emoji2:emoji2:1.3.0] AndroidManifest.xml:26:13-68
102            android:exported="false" >
102-->[androidx.emoji2:emoji2:1.3.0] AndroidManifest.xml:27:13-37
103            <meta-data
103-->[androidx.emoji2:emoji2:1.3.0] AndroidManifest.xml:29:13-31:52
104                android:name="androidx.emoji2.text.EmojiCompatInitializer"
104-->[androidx.emoji2:emoji2:1.3.0] AndroidManifest.xml:30:17-75
105                android:value="androidx.startup" />
105-->[androidx.emoji2:emoji2:1.3.0] AndroidManifest.xml:31:17-49
106            <meta-data
106-->[androidx.lifecycle:lifecycle-process:2.7.0] AndroidManifest.xml:29:13-31:52
107                android:name="androidx.lifecycle.ProcessLifecycleInitializer"
107-->[androidx.lifecycle:lifecycle-process:2.7.0] AndroidManifest.xml:30:17-78
108                android:value="androidx.startup" />
108-->[androidx.lifecycle:lifecycle-process:2.7.0] AndroidManifest.xml:31:17-49
109            <meta-data
109-->[androidx.profileinstaller:profileinstaller:1.3.0] AndroidManifest.xml:29:13-31:52
110                android:name="androidx.profileinstaller.ProfileInstallerInitializer"
110-->[androidx.profileinstaller:profileinstaller:1.3.0] AndroidManifest.xml:30:17-85
111                android:value="androidx.startup" />
111-->[androidx.profileinstaller:profileinstaller:1.3.0] AndroidManifest.xml:31:17-49
112        </provider>
113
114        <service
114-->[com.google.android.datatransport:transport-backend-cct:2.3.3] AndroidManifest.xml:29:9-35:19
115            android:name="com.google.android.datatransport.runtime.backends.TransportBackendDiscovery"
115-->[com.google.android.datatransport:transport-backend-cct:2.3.3] AndroidManifest.xml:30:13-103
116            android:exported="false" >
116-->[com.google.android.datatransport:transport-backend-cct:2.3.3] AndroidManifest.xml:31:13-37
117            <meta-data
117-->[com.google.android.datatransport:transport-backend-cct:2.3.3] AndroidManifest.xml:32:13-34:39
118                android:name="backend:com.google.android.datatransport.cct.CctBackendFactory"
118-->[com.google.android.datatransport:transport-backend-cct:2.3.3] AndroidManifest.xml:33:17-94
119                android:value="cct" />
119-->[com.google.android.datatransport:transport-backend-cct:2.3.3] AndroidManifest.xml:34:17-36
120        </service>
121        <service
121-->[com.google.android.datatransport:transport-runtime:2.2.6] AndroidManifest.xml:26:9-30:19
122            android:name="com.google.android.datatransport.runtime.scheduling.jobscheduling.JobInfoSchedulerService"
122-->[com.google.android.datatransport:transport-runtime:2.2.6] AndroidManifest.xml:27:13-117
123            android:exported="false"
123-->[com.google.android.datatransport:transport-runtime:2.2.6] AndroidManifest.xml:28:13-37
124            android:permission="android.permission.BIND_JOB_SERVICE" >
124-->[com.google.android.datatransport:transport-runtime:2.2.6] AndroidManifest.xml:29:13-69
125        </service>
126
127        <receiver
127-->[com.google.android.datatransport:transport-runtime:2.2.6] AndroidManifest.xml:32:9-34:40
128            android:name="com.google.android.datatransport.runtime.scheduling.jobscheduling.AlarmManagerSchedulerBroadcastReceiver"
128-->[com.google.android.datatransport:transport-runtime:2.2.6] AndroidManifest.xml:33:13-132
129            android:exported="false" />
129-->[com.google.android.datatransport:transport-runtime:2.2.6] AndroidManifest.xml:34:13-37
130        <receiver
130-->[androidx.profileinstaller:profileinstaller:1.3.0] AndroidManifest.xml:34:9-52:20
131            android:name="androidx.profileinstaller.ProfileInstallReceiver"
131-->[androidx.profileinstaller:profileinstaller:1.3.0] AndroidManifest.xml:35:13-76
132            android:directBootAware="false"
132-->[androidx.profileinstaller:profileinstaller:1.3.0] AndroidManifest.xml:36:13-44
133            android:enabled="true"
133-->[androidx.profileinstaller:profileinstaller:1.3.0] AndroidManifest.xml:37:13-35
134            android:exported="true"
134-->[androidx.profileinstaller:profileinstaller:1.3.0] AndroidManifest.xml:38:13-36
135            android:permission="android.permission.DUMP" >
135-->[androidx.profileinstaller:profileinstaller:1.3.0] AndroidManifest.xml:39:13-57
136            <intent-filter>
136-->[androidx.profileinstaller:profileinstaller:1.3.0] AndroidManifest.xml:40:13-42:29
137                <action android:name="androidx.profileinstaller.action.INSTALL_PROFILE" />
137-->[androidx.profileinstaller:profileinstaller:1.3.0] AndroidManifest.xml:41:17-91
137-->[androidx.profileinstaller:profileinstaller:1.3.0] AndroidManifest.xml:41:25-88
138            </intent-filter>
139            <intent-filter>
139-->[androidx.profileinstaller:profileinstaller:1.3.0] AndroidManifest.xml:43:13-45:29
140                <action android:name="androidx.profileinstaller.action.SKIP_FILE" />
140-->[androidx.profileinstaller:profileinstaller:1.3.0] AndroidManifest.xml:44:17-85
140-->[androidx.profileinstaller:profileinstaller:1.3.0] AndroidManifest.xml:44:25-82
141            </intent-filter>
142            <intent-filter>
142-->[androidx.profileinstaller:profileinstaller:1.3.0] AndroidManifest.xml:46:13-48:29
143                <action android:name="androidx.profileinstaller.action.SAVE_PROFILE" />
143-->[androidx.profileinstaller:profileinstaller:1.3.0] AndroidManifest.xml:47:17-88
143-->[androidx.profileinstaller:profileinstaller:1.3.0] AndroidManifest.xml:47:25-85
144            </intent-filter>
145            <intent-filter>
145-->[androidx.profileinstaller:profileinstaller:1.3.0] AndroidManifest.xml:49:13-51:29
146                <action android:name="androidx.profileinstaller.action.BENCHMARK_OPERATION" />
146-->[androidx.profileinstaller:profileinstaller:1.3.0] AndroidManifest.xml:50:17-95
146-->[androidx.profileinstaller:profileinstaller:1.3.0] AndroidManifest.xml:50:25-92
147            </intent-filter>
148        </receiver>
149    </application>
150
151</manifest>